--- Copying files at Sat Oct 12 06:30:08 UTC 2024
--- Copied files finished at Sat Oct 12 06:30:09 UTC 2024
--- Copying files at Sat Oct 12 08:30:11 UTC 2024
--- Copied files finished at Sat Oct 12 08:30:12 UTC 2024
--- Copying files at Sat Oct 12 08:42:55 UTC 2024
--- Copied files finished at Sat Oct 12 08:42:55 UTC 2024
--- Copying files at Sat Oct 12 08:55:38 UTC 2024
--- Copied files finished at Sat Oct 12 08:55:38 UTC 2024
--- Copying files at Sat Oct 12 09:02:25 UTC 2024
--- Copied files finished at Sat Oct 12 09:02:25 UTC 2024
--- Copying files at Sat Oct 12 09:24:44 UTC 2024
--- Copied files finished at Sat Oct 12 09:24:44 UTC 2024
--- Copying files at Sat Oct 12 09:36:06 UTC 2024
--- Copied files finished at Sat Oct 12 09:36:06 UTC 2024
--- Copying files at Sat Oct 12 09:39:50 UTC 2024
--- Copied files finished at Sat Oct 12 09:39:50 UTC 2024
--- Copying files at Sat Oct 12 10:30:28 UTC 2024
--- Copied files finished at Sat Oct 12 10:30:28 UTC 2024
--- Copying files at Sat Oct 12 17:35:19 UTC 2024
--- Copied files finished at Sat Oct 12 17:35:19 UTC 2024
--- Copying files at Sat Oct 12 20:49:10 UTC 2024
--- Copied files finished at Sat Oct 12 20:49:10 UTC 2024
--- Copying files at Sat Oct 12 21:01:56 UTC 2024
--- Copied files finished at Sat Oct 12 21:01:56 UTC 2024
--- Copying files at Sat Oct 12 21:19:17 UTC 2024
--- Copied files finished at Sat Oct 12 21:19:17 UTC 2024
--- Copying files at Sat Oct 12 21:37:58 UTC 2024
--- Copied files finished at Sat Oct 12 21:37:58 UTC 2024
--- Copying files at Sun Oct 13 02:11:19 UTC 2024
--- Copied files finished at Sun Oct 13 02:11:19 UTC 2024
--- Copying files at Sun Oct 13 03:17:33 UTC 2024
--- Copied files finished at Sun Oct 13 03:17:33 UTC 2024
--- Copying files at Sun Oct 13 03:41:03 UTC 2024
--- Copied files finished at Sun Oct 13 03:41:04 UTC 2024
--- Copying files at Sun Oct 13 03:50:50 UTC 2024
--- Copied files finished at Sun Oct 13 03:50:50 UTC 2024
--- Copying files at Sun Oct 13 04:19:17 UTC 2024
--- Copied files finished at Sun Oct 13 04:19:17 UTC 2024
--- Copying files at Sun Oct 13 04:58:00 UTC 2024
--- Copied files finished at Sun Oct 13 04:58:00 UTC 2024
--- Copying files at Sun Oct 13 17:25:18 UTC 2024
--- Copied files finished at Sun Oct 13 17:25:18 UTC 2024
--- Copying files at Mon Oct 14 17:49:39 UTC 2024
--- Copied files finished at Mon Oct 14 17:49:39 UTC 2024
--- Copying files at Mon Oct 14 21:12:40 UTC 2024
--- Copied files finished at Mon Oct 14 21:12:40 UTC 2024
--- Copying files at Tue Oct 15 05:26:26 UTC 2024
--- Copied files finished at Tue Oct 15 05:26:26 UTC 2024
--- Copying files at Tue Oct 15 20:23:14 UTC 2024
--- Copied files finished at Tue Oct 15 20:23:14 UTC 2024
--- Copying files at Tue Oct 15 20:37:39 UTC 2024
--- Copied files finished at Tue Oct 15 20:37:40 UTC 2024
--- Copying files at Wed Oct 16 03:14:10 UTC 2024
--- Copied files finished at Wed Oct 16 03:14:10 UTC 2024
--- Copying files at Wed Oct 16 04:14:44 UTC 2024
--- Copied files finished at Wed Oct 16 04:14:44 UTC 2024
--- Copying files at Wed Oct 16 05:34:58 UTC 2024
--- Copied files finished at Wed Oct 16 05:34:59 UTC 2024
--- Copying files at Wed Oct 16 08:17:12 UTC 2024
--- Copied files finished at Wed Oct 16 08:17:12 UTC 2024
--- Copying files at Wed Oct 16 09:29:25 UTC 2024
--- Copied files finished at Wed Oct 16 09:29:25 UTC 2024
